t=2022-12-15T10:24:00+0800 lvl=info msg="ledger meta" module=xchain log_id=1671071039_1486002526426834 s_mod=ledger call=ledger.go:182 pid=35416 genesis_block= tip_block= trunk_height=0
t=2022-12-15T10:24:00+0800 lvl=info msg="begin format genesis block" module=xchain log_id=1671071039_1486002526426834 s_mod=ledger call=ledger.go:255 pid=35416
t=2022-12-15T10:24:00+0800 lvl=info msg="start to confirm block" module=xchain log_id=1671071039_1486002526426834 s_mod=ledger call=ledger.go:614 pid=35416 blockid=d93c260ea5639a55e1fcad3df494495efad5c65d46e846b6db3a9194a4212886 txCount=1
t=2022-12-15T10:24:00+0800 lvl=dbug msg="print block size when confirm block" module=xchain log_id=1671071039_1486002526426834 s_mod=ledger call=ledger.go:790 pid=35416 blockSize=1041 blockid=d93c260ea5639a55e1fcad3df494495efad5c65d46e846b6db3a9194a4212886
t=2022-12-15T10:24:00+0800 lvl=dbug msg="confirm block cost" module=xchain log_id=1671071039_1486002526426834 s_mod=ledger call=ledger.go:815 pid=35416 blkTimer=saveHeader:0.61ms,saveAllTxs:0.40ms,saveToDisk:0.12ms,total:1.20ms
t=2022-12-15T10:24:00+0800 lvl=info msg=LoadUnconfirmedTxFromDisk module=xchain log_id=1671071040_8590474879342582 s_mod=state call=tx.go:319 pid=35416 txCount=0
t=2022-12-15T10:24:00+0800 lvl=eror msg="Mempool Debug" module=xchain log_id=1671071040_8590474879342582 s_mod=state call=mempool.go:63 pid=35416 confirmedLen=0 unconfirmedLen=0 orphanLen=0 bucketKeyNodesLen=0
t=2022-12-15T10:24:00+0800 lvl=dbug msg="hit queryblock cache" module=xchain log_id=1671071039_1486002526426834 s_mod=ledger call=ledger.go:863 pid=35416 blkid=d93c260ea5639a55e1fcad3df494495efad5c65d46e846b6db3a9194a4212886
t=2022-12-15T10:24:00+0800 lvl=dbug msg="Mempool FindConflictByTx" module=xchain log_id=1671071040_8590474879342582 s_mod=state call=mempool.go:356 pid=35416 txid=5aa155b99f5f405c6c05238abbc3163bd22d8452181405b3508d80b2ae646e0e
t=2022-12-15T10:24:00+0800 lvl=trce msg="  undoTxs" module=xchain log_id=1671071040_8590474879342582 s_mod=state call=state.go:1413 pid=35416 undoTxCount=0
t=2022-12-15T10:24:00+0800 lvl=info msg="unconfirm table size" module=xchain log_id=1671071040_8590474879342582 s_mod=state call=state.go:1428 pid=35416 unconfirmTxCount=0
t=2022-12-15T10:24:00+0800 lvl=dbug msg="play and repost verify block tx succ" module=xchain log_id=1671071040_8590474879342582 s_mod=state call=state.go:502 pid=35416
t=2022-12-15T10:24:00+0800 lvl=dbug msg="write to state succ" module=xchain log_id=1671071040_8590474879342582 s_mod=state call=state.go:548 pid=35416
t=2022-12-15T10:24:00+0800 lvl=dbug msg="Mempool BatchDeletx" module=xchain log_id=1671071040_8590474879342582 s_mod=state call=mempool.go:590 pid=35416 txsLen=0
t=2022-12-15T10:24:00+0800 lvl=info msg="play and repost" module=xchain log_id=1671071040_8590474879342582 s_mod=state call=state.go:568 pid=35416 height=0 blockId=d93c260ea5639a55e1fcad3df494495efad5c65d46e846b6db3a9194a4212886 repostTxLen=0 mempoolUnconfirmedTxCount=0
t=2022-12-15T10:24:00+0800 lvl=info msg="play and repost" module=xchain log_id=1671071040_8590474879342582 s_mod=state call=state.go:569 pid=35416 height=0 blockId=d93c260ea5639a55e1fcad3df494495efad5c65d46e846b6db3a9194a4212886 unconfirmed=0 costs=get_utxo_lock:0.01ms,process_unconfirmed_txs:0.04ms,verify_block_txs:0.01ms,do_tx:0.07ms,persist_tx:17.38ms,total:17.61ms
t=2022-12-15T10:24:00+0800 lvl=info msg="start recover unconfirm tx" module=xchain log_id=1671071040_8590474879342582 s_mod=state call=state.go:1278 pid=35416 tx_count=0
t=2022-12-15T10:24:00+0800 lvl=info msg="recover unconfirm tx done" module=xchain log_id=1671071040_8590474879342582 s_mod=state call=state.go:1325 pid=35416 costs=total:0.07ms tx_count=0 succ_count=0 confirm_count=0 verify_err_count=0 dotx_err_cnt=0
t=2022-12-15T10:24:00+0800 lvl=trce msg=Host module=xchain log_id=1671071040_1927222533017731 s_mod=network call=server.go:127 pid=35416 address=/ip4/127.0.0.1/tcp/45101/p2p/Qmf2HeHe4sspGkfRCTq6257Vm3UHzvh2TeQJHHvHzzuFw6 config="{Module:p2pv2 Port:47101 Address:/ip4/127.0.0.1/tcp/45101 KeyPath:/Users/linming01/src/github.com/xuperchain/xuperchain/data/mock/data/netkeys IsNat:true IsHidden:false BootNodes:[] StaticNodes:map[] IsBroadCast:true MaxStreamLimits:1024 MaxMessageSize:128 Timeout:30 StreamIPLimitSize:10 MaxBroadcastPeers:20 IsTls:false ServiceName:localhost}"
t=2022-12-15T10:24:00+0800 lvl=trce msg="init engine context succeeded" module=xchain log_id=1671071040_6418931465372574 s_mod=xchain call=engine.go:83 pid=35416
t=2022-12-15T10:24:00+0800 lvl=trce msg="start load chain from blockchain data dir" module=xchain log_id=1671071040_6418931465372574 s_mod=xchain call=engine.go:170 pid=35416 dir=/Users/linming01/src/github.com/xuperchain/xuperchain/data/mock/data/blockchain
t=2022-12-15T10:24:00+0800 lvl=trce msg="start load chain" module=xchain log_id=1671071040_6418931465372574 s_mod=xchain call=engine.go:186 pid=35416 chain=xuper dir=/Users/linming01/src/github.com/xuperchain/xuperchain/data/mock/data/blockchain/xuper
t=2022-12-15T10:24:00+0800 lvl=info msg="ledger meta" module=xchain log_id=1671071040_8709850090586774 s_mod=ledger call=ledger.go:182 pid=35416 genesis_block=d93c260ea5639a55e1fcad3df494495efad5c65d46e846b6db3a9194a4212886 tip_block=d93c260ea5639a55e1fcad3df494495efad5c65d46e846b6db3a9194a4212886 trunk_height=0
t=2022-12-15T10:24:00+0800 lvl=trce msg="open ledger succ" module=xchain log_id=1671071040_6693910087718427 s_mod=xuper call=chain.go:351 pid=35416 bcName=xuper
t=2022-12-15T10:24:00+0800 lvl=trce msg="create crypto client succ" module=xchain log_id=1671071040_6693910087718427 s_mod=xuper call=chain.go:366 pid=35416 bcName=xuper cryptoType=default
t=2022-12-15T10:24:00+0800 lvl=info msg=LoadUnconfirmedTxFromDisk module=xchain log_id=1671071040_5401617651585750 s_mod=state call=tx.go:319 pid=35416 txCount=0
t=2022-12-15T10:24:00+0800 lvl=eror msg="Mempool Debug" module=xchain log_id=1671071040_5401617651585750 s_mod=state call=mempool.go:63 pid=35416 confirmedLen=0 unconfirmedLen=0 orphanLen=0 bucketKeyNodesLen=0
t=2022-12-15T10:24:00+0800 lvl=trce msg="open state succ" module=xchain log_id=1671071040_6693910087718427 s_mod=xuper call=chain.go:375 pid=35416 bcName=xuper
t=2022-12-15T10:24:00+0800 lvl=trce msg="load node addr info succ" module=xchain log_id=1671071040_6693910087718427 s_mod=xuper call=chain.go:385 pid=35416 bcName=xuper address=TeyyPLpp9L7QAcxHangtcHTu7HUZ6iydY
t=2022-12-15T10:24:00+0800 lvl=trce msg="create contract manager succ" module=xchain log_id=1671071040_6693910087718427 s_mod=xuper call=chain.go:396 pid=35416 bcName=xuper
t=2022-12-15T10:24:00+0800 lvl=trce msg="create acl succ" module=xchain log_id=1671071040_6693910087718427 s_mod=xuper call=chain.go:407 pid=35416 bcName=xuper
t=2022-12-15T10:24:00+0800 lvl=dbug msg="Pluggable Consensus::makeConsensusItem::create a consensus item." module=xchain log_id=1671071040_3953458447572692 s_mod=consensus call=pluggable_consensus.go:140 pid=35416 type=single
t=2022-12-15T10:24:00+0800 lvl=dbug msg="Pluggable Consensus::NewPluggableConsensus::create a instance for the first time." module=xchain log_id=1671071040_3953458447572692 s_mod=consensus call=pluggable_consensus.go:96 pid=35416
t=2022-12-15T10:24:00+0800 lvl=trce msg="create consensus succ" module=xchain log_id=1671071040_6693910087718427 s_mod=xuper call=chain.go:416 pid=35416 bcName=xuper
t=2022-12-15T10:24:00+0800 lvl=trce msg="create govern token succ" module=xchain log_id=1671071040_6693910087718427 s_mod=xuper call=chain.go:427 pid=35416 bcName=xuper
t=2022-12-15T10:24:00+0800 lvl=trce msg="create proposal succ" module=xchain log_id=1671071040_6693910087718427 s_mod=xuper call=chain.go:438 pid=35416 bcName=xuper
t=2022-12-15T10:24:00+0800 lvl=trce msg="create timer_task succ" module=xchain log_id=1671071040_6693910087718427 s_mod=xuper call=chain.go:449 pid=35416 bcName=xuper
t=2022-12-15T10:24:00+0800 lvl=trce msg="create chain succ" module=xchain log_id=1671071040_6693910087718427 s_mod=xuper call=chain.go:450 pid=35416 bcName=xuper
t=2022-12-15T10:24:00+0800 lvl=trce msg="create xtoken succ" module=xchain log_id=1671071040_6693910087718427 s_mod=xuper call=chain.go:457 pid=35416 bcName=xuper
t=2022-12-15T10:24:00+0800 lvl=trce msg="load chain from data dir succ" module=xchain log_id=1671071040_6418931465372574 s_mod=xchain call=engine.go:192 pid=35416 chain=xuper
